#
# There is insufficient memory for the Java Runtime Environment to continue.
# Native memory allocation (malloc) failed to allocate 32744 bytes for ChunkPool::allocate
# Possible reasons:
#   The system is out of physical RAM or swap space
#   In 32 bit mode, the process size limit was hit
# Possible solutions:
#   Reduce memory load on the system
#   Increase physical memory or swap space
#   Check if swap backing store is full
#   Use 64 bit Java on a 64 bit OS
#   Decrease Java heap size (-Xmx/-Xms)
#   Decrease number of Java threads
#   Decrease Java thread stack sizes (-Xss)
#   Set larger code cache with -XX:ReservedCodeCacheSize=
# This output file may be truncated or incomplete.
#
#  Out of Memory Error (allocation.cpp:273), pid=12080, tid=0x0000000000001d28
#
# JRE version: Java(TM) SE Runtime Environment (8.0_161-b12) (build 1.8.0_161-b12)
# Java VM: Java HotSpot(TM) 64-Bit Server VM (25.161-b12 mixed mode windows-amd64 compressed oops)
# Failed to write core dump. Minidumps are not enabled by default on client versions of Windows
#

---------------  T H R E A D  ---------------

Current thread (0x00000000172c0800):  JavaThread "C2 CompilerThread1" daemon [_thread_in_native, id=7464, stack(0x0000000018a10000,0x0000000018b10000)]

Stack: [0x0000000018a10000,0x0000000018b10000]
[error occurred during error reporting (printing stack bounds), id 0xc0000005]

Native frames: (J=compiled Java code, j=interpreted, Vv=VM code, C=native code)


Current CompileTask:
C2:   3048 1547       4       java.net.URLClassLoader$1::run (5 bytes)


---------------  P R O C E S S  ---------------

Java Threads: ( => current thread )
  0x0000000018c30800 JavaThread "Service Thread" daemon [_thread_blocked, id=5860, stack(0x0000000019010000,0x0000000019110000)]
  0x00000000172cd000 JavaThread "C1 CompilerThread2" daemon [_thread_in_native, id=10980, stack(0x0000000018b10000,0x0000000018c10000)]
=>0x00000000172c0800 JavaThread "C2 CompilerThread1" daemon [_thread_in_native, id=7464, stack(0x0000000018a10000,0x0000000018b10000)]
  0x00000000172bd800 JavaThread "C2 CompilerThread0" daemon [_thread_in_vm, id=8516, stack(0x0000000018910000,0x0000000018a10000)]
  0x00000000172bc800 JavaThread "Attach Listener" daemon [_thread_blocked, id=9748, stack(0x0000000018810000,0x0000000018910000)]
  0x00000000172c8800 JavaThread "Signal Dispatcher" daemon [_thread_blocked, id=15780, stack(0x0000000018710000,0x0000000018810000)]
  0x00000000172aa800 JavaThread "Finalizer" daemon [_thread_blocked, id=13268, stack(0x0000000018520000,0x0000000018620000)]
  0x0000000002753000 JavaThread "Reference Handler" daemon [_thread_blocked, id=20004, stack(0x0000000018420000,0x0000000018520000)]
  0x000000000087e800 JavaThread "main" [_thread_in_Java, id=18688, stack(0x0000000002560000,0x0000000002660000)]

Other Threads:
  0x0000000017289000 VMThread [stack: 0x0000000018320000,0x0000000018420000] [id=19836]
  0x0000000018c54800 WatcherThread [stack: 0x0000000019110000,0x0000000019210000] [id=2952]

VM state:not at safepoint (normal execution)

VM Mutex/Monitor currently owned by a thread: None

Heap:
 PSYoungGen      total 38400K, used 14564K [0x00000000d5d00000, 0x00000000da800000, 0x0000000100000000)
  eden space 33280K, 28% used [0x00000000d5d00000,0x00000000d663d070,0x00000000d7d80000)
  from space 5120K, 99% used [0x00000000d7d80000,0x00000000d827c010,0x00000000d8280000)
  to   space 5120K, 0% used [0x00000000da300000,0x00000000da300000,0x00000000da800000)
 ParOldGen       total 87552K, used 4286K [0x0000000081600000, 0x0000000086b80000, 0x00000000d5d00000)
  object space 87552K, 4% used [0x0000000081600000,0x0000000081a2f8a0,0x0000000086b80000)
 Metaspace       used 15279K, capacity 15540K, committed 15872K, reserved 1062912K
  class space    used 1843K, capacity 1942K, committed 2048K, reserved 1048576K

Card table byte_map: [0x0000000011b20000,0x0000000011f20000] byte_map_base: 0x0000000011715000

Marking Bits: (ParMarkBitMap*) 0x00000000585af860
 Begin Bits: [0x00000000125d0000, 0x0000000014578000)
 End Bits:   [0x0000000014578000, 0x0000000016520000)

Polling page: 0x00000000003f0000

CodeCache: size=245760Kb used=7128Kb max_used=7128Kb free=238631Kb
 bounds [0x0000000002760000, 0x0000000002e60000, 0x0000000011760000]
 total_blobs=2484 nmethods=2127 adapters=269
 compilation: enabled

Compilation events (10 events):
Event: 3.016 Thread 0x00000000172cd000 nmethod 2056 0x0000000002e25650 code [0x0000000002e257a0, 0x0000000002e258b0]
Event: 3.016 Thread 0x00000000172cd000 2057   !   3       org.apache.maven.model.RepositoryBase::clone (73 bytes)
Event: 3.017 Thread 0x00000000172cd000 nmethod 2057 0x0000000002e25910 code [0x0000000002e25b60, 0x0000000002e26b38]
Event: 3.017 Thread 0x00000000172cd000 2060       3       org.apache.maven.model.ModelBase::getLocation (366 bytes)
Event: 3.017 Thread 0x00000000172cd000 nmethod 2060 0x0000000002e27210 code [0x0000000002e274c0, 0x0000000002e28a68]
Event: 3.017 Thread 0x00000000172cd000 2061       3       java.util.HashSet::<init> (18 bytes)
Event: 3.018 Thread 0x00000000172cd000 nmethod 2061 0x0000000002e28e50 code [0x0000000002e28fe0, 0x0000000002e29368]
Event: 3.018 Thread 0x00000000172cd000 2062       3       java.util.LinkedHashMap::<init> (12 bytes)
Event: 3.018 Thread 0x00000000172cd000 nmethod 2062 0x0000000002e29550 code [0x0000000002e296c0, 0x0000000002e29868]
Event: 3.018 Thread 0x00000000172cd000 2058   !   3       org.apache.maven.model.RepositoryPolicy::clone (73 bytes)

GC Heap History (6 events):
Event: 2.149 GC heap before
{Heap before GC invocations=1 (full 0):
 PSYoungGen      total 38400K, used 33280K [0x00000000d5d00000, 0x00000000d8780000, 0x0000000100000000)
  eden space 33280K, 100% used [0x00000000d5d00000,0x00000000d7d80000,0x00000000d7d80000)
  from space 5120K, 0% used [0x00000000d8280000,0x00000000d8280000,0x00000000d8780000)
  to   space 5120K, 0% used [0x00000000d7d80000,0x00000000d7d80000,0x00000000d8280000)
 ParOldGen       total 87552K, used 0K [0x0000000081600000, 0x0000000086b80000, 0x00000000d5d00000)
  object space 87552K, 0% used [0x0000000081600000,0x0000000081600000,0x0000000086b80000)
 Metaspace       used 8457K, capacity 8604K, committed 8832K, reserved 1056768K
  class space    used 1021K, capacity 1080K, committed 1152K, reserved 1048576K
Event: 2.153 GC heap after
Heap after GC invocations=1 (full 0):
 PSYoungGen      total 38400K, used 5103K [0x00000000d5d00000, 0x00000000d8780000, 0x0000000100000000)
  eden space 33280K, 0% used [0x00000000d5d00000,0x00000000d5d00000,0x00000000d7d80000)
  from space 5120K, 99% used [0x00000000d7d80000,0x00000000d827bd90,0x00000000d8280000)
  to   space 5120K, 0% used [0x00000000d8280000,0x00000000d8280000,0x00000000d8780000)
 ParOldGen       total 87552K, used 388K [0x0000000081600000, 0x0000000086b80000, 0x00000000d5d00000)
  object space 87552K, 0% used [0x0000000081600000,0x0000000081661268,0x0000000086b80000)
 Metaspace       used 8457K, capacity 8604K, committed 8832K, reserved 1056768K
  class space    used 1021K, capacity 1080K, committed 1152K, reserved 1048576K
}
Event: 2.469 GC heap before
{Heap before GC invocations=2 (full 0):
 PSYoungGen      total 38400K, used 38383K [0x00000000d5d00000, 0x00000000d8780000, 0x0000000100000000)
  eden space 33280K, 100% used [0x00000000d5d00000,0x00000000d7d80000,0x00000000d7d80000)
  from space 5120K, 99% used [0x00000000d7d80000,0x00000000d827bd90,0x00000000d8280000)
  to   space 5120K, 0% used [0x00000000d8280000,0x00000000d8280000,0x00000000d8780000)
 ParOldGen       total 87552K, used 388K [0x0000000081600000, 0x0000000086b80000, 0x00000000d5d00000)
  object space 87552K, 0% used [0x0000000081600000,0x0000000081661268,0x0000000086b80000)
 Metaspace       used 12016K, capacity 12244K, committed 12416K, reserved 1060864K
  class space    used 1498K, capacity 1606K, committed 1664K, reserved 1048576K
Event: 2.475 GC heap after
Heap after GC invocations=2 (full 0):
 PSYoungGen      total 38400K, used 5116K [0x00000000d5d00000, 0x00000000d8780000, 0x0000000100000000)
  eden space 33280K, 0% used [0x00000000d5d00000,0x00000000d5d00000,0x00000000d7d80000)
  from space 5120K, 99% used [0x00000000d8280000,0x00000000d877f220,0x00000000d8780000)
  to   space 5120K, 0% used [0x00000000d7d80000,0x00000000d7d80000,0x00000000d8280000)
 ParOldGen       total 87552K, used 2460K [0x0000000081600000, 0x0000000086b80000, 0x00000000d5d00000)
  object space 87552K, 2% used [0x0000000081600000,0x0000000081867330,0x0000000086b80000)
 Metaspace       used 12016K, capacity 12244K, committed 12416K, reserved 1060864K
  class space    used 1498K, capacity 1606K, committed 1664K, reserved 1048576K
}
Event: 2.956 GC heap before
{Heap before GC invocations=3 (full 0):
 PSYoungGen      total 38400K, used 38396K [0x00000000d5d00000, 0x00000000d8780000, 0x0000000100000000)
  eden space 33280K, 100% used [0x00000000d5d00000,0x00000000d7d80000,0x00000000d7d80000)
  from space 5120K, 99% used [0x00000000d8280000,0x00000000d877f220,0x00000000d8780000)
  to   space 5120K, 0% used [0x00000000d7d80000,0x00000000d7d80000,0x00000000d8280000)
 ParOldGen       total 87552K, used 2460K [0x0000000081600000, 0x0000000086b80000, 0x00000000d5d00000)
  object space 87552K, 2% used [0x0000000081600000,0x0000000081867330,0x0000000086b80000)
 Metaspace       used 15223K, capacity 15400K, committed 15616K, reserved 1062912K
  class space    used 1842K, capacity 1940K, committed 2048K, reserved 1048576K
Event: 2.965 GC heap after
Heap after GC invocations=3 (full 0):
 PSYoungGen      total 38400K, used 5104K [0x00000000d5d00000, 0x00000000da800000, 0x0000000100000000)
  eden space 33280K, 0% used [0x00000000d5d00000,0x00000000d5d00000,0x00000000d7d80000)
  from space 5120K, 99% used [0x00000000d7d80000,0x00000000d827c010,0x00000000d8280000)
  to   space 5120K, 0% used [0x00000000da300000,0x00000000da300000,0x00000000da800000)
 ParOldGen       total 87552K, used 4286K [0x0000000081600000, 0x0000000086b80000, 0x00000000d5d00000)
  object space 87552K, 4% used [0x0000000081600000,0x0000000081a2f8a0,0x0000000086b80000)
 Metaspace       used 15223K, capacity 15400K, committed 15616K, reserved 1062912K
  class space    used 1842K, capacity 1940K, committed 2048K, reserved 1048576K
}

Deoptimization events (10 events):
Event: 2.816 Thread 0x000000000087e800 Uncommon trap: reason=bimorphic action=maybe_recompile pc=0x0000000002c7a938 method=java.util.regex.Pattern$CharProperty.match(Ljava/util/regex/Matcher;ILjava/lang/CharSequence;)Z @ 37
Event: 2.816 Thread 0x000000000087e800 Uncommon trap: reason=bimorphic action=maybe_recompile pc=0x0000000002c7a938 method=java.util.regex.Pattern$CharProperty.match(Ljava/util/regex/Matcher;ILjava/lang/CharSequence;)Z @ 37
Event: 2.818 Thread 0x000000000087e800 Uncommon trap: reason=predicate action=maybe_recompile pc=0x0000000002a38e50 method=java.nio.charset.CharsetDecoder.decode(Ljava/nio/ByteBuffer;Ljava/nio/CharBuffer;Z)Ljava/nio/charset/CoderResult; @ 54
Event: 2.826 Thread 0x000000000087e800 Uncommon trap: reason=bimorphic action=maybe_recompile pc=0x0000000002ac774c method=java.util.HashMap.putVal(ILjava/lang/Object;Ljava/lang/Object;ZZ)Ljava/lang/Object; @ 203
Event: 2.826 Thread 0x000000000087e800 Uncommon trap: reason=bimorphic action=maybe_recompile pc=0x0000000002ac774c method=java.util.HashMap.putVal(ILjava/lang/Object;Ljava/lang/Object;ZZ)Ljava/lang/Object; @ 203
Event: 2.847 Thread 0x000000000087e800 Uncommon trap: reason=unstable_if action=reinterpret pc=0x0000000002a2d9e8 method=org.codehaus.plexus.util.xml.pull.MXParser.nextImpl()I @ 241
Event: 2.884 Thread 0x000000000087e800 Uncommon trap: reason=unstable_if action=reinterpret pc=0x00000000029a0344 method=sun.nio.cs.UTF_8$Decoder.decode([BII[C)I @ 30
Event: 2.884 Thread 0x000000000087e800 Uncommon trap: reason=unstable_if action=reinterpret pc=0x0000000002d545d0 method=org.codehaus.plexus.util.xml.pull.MXParser.nextImpl()I @ 972
Event: 2.980 Thread 0x000000000087e800 Uncommon trap: reason=unstable_if action=reinterpret pc=0x0000000002de4c00 method=org.codehaus.plexus.util.xml.pull.MXParser.nextImpl()I @ 879
Event: 2.992 Thread 0x000000000087e800 Uncommon trap: reason=null_check action=make_not_entrant pc=0x0000000002e16ef8 method=org.apache.maven.model.io.xpp3.MavenXpp3Reader.checkFieldWithDuplicate(Lorg/codehaus/plexus/util/xml/pull/XmlPullParser;Ljava/lang/String;Ljava/lang/String;Ljava/util/Se

Classes redefined (0 events):
No events

Internal exceptions (10 events):
Event: 2.554 Thread 0x000000000087e800 Exception <a 'java/lang/NoClassDefFoundError': com/google/inject/servlet/ServletModuleTargetVisitor> (0x00000000d62b7980) thrown at [C:\re\workspace\8-2-build-windows-amd64-cygwin\jdk8u161\10277\hotspot\src\share\vm\classfile\systemDictionary.cpp, line 19
Event: 2.554 Thread 0x000000000087e800 Exception <a 'java/lang/NoClassDefFoundError'> (0x00000000d62b7980) thrown at [C:\re\workspace\8-2-build-windows-amd64-cygwin\jdk8u161\10277\hotspot\src\share\vm\prims\jvm.cpp, line 1394]
Event: 2.555 Thread 0x000000000087e800 Exception <a 'java/lang/NoClassDefFoundError': javax/annotation/Priority> (0x00000000d62bc5f0) thrown at [C:\re\workspace\8-2-build-windows-amd64-cygwin\jdk8u161\10277\hotspot\src\share\vm\classfile\systemDictionary.cpp, line 199]
Event: 2.666 Thread 0x000000000087e800 Exception <a 'java/lang/NullPointerException'> (0x00000000d6885d18) thrown at [C:\re\workspace\8-2-build-windows-amd64-cygwin\jdk8u161\10277\hotspot\src\share\vm\interpreter\linkResolver.cpp, line 1185]
Event: 2.666 Thread 0x000000000087e800 Exception <a 'java/lang/NullPointerException'> (0x00000000d6885f30) thrown at [C:\re\workspace\8-2-build-windows-amd64-cygwin\jdk8u161\10277\hotspot\src\share\vm\interpreter\linkResolver.cpp, line 1185]
Event: 2.666 Thread 0x000000000087e800 Exception <a 'java/lang/NullPointerException'> (0x00000000d6886148) thrown at [C:\re\workspace\8-2-build-windows-amd64-cygwin\jdk8u161\10277\hotspot\src\share\vm\interpreter\linkResolver.cpp, line 1185]
Event: 2.667 Thread 0x000000000087e800 Exception <a 'java/lang/NullPointerException'> (0x00000000d688e0f8) thrown at [C:\re\workspace\8-2-build-windows-amd64-cygwin\jdk8u161\10277\hotspot\src\share\vm\interpreter\linkResolver.cpp, line 1185]
Event: 2.667 Thread 0x000000000087e800 Exception <a 'java/lang/NullPointerException'> (0x00000000d688e310) thrown at [C:\re\workspace\8-2-build-windows-amd64-cygwin\jdk8u161\10277\hotspot\src\share\vm\interpreter\linkResolver.cpp, line 1185]
Event: 2.667 Thread 0x000000000087e800 Exception <a 'java/lang/NullPointerException'> (0x00000000d688e528) thrown at [C:\re\workspace\8-2-build-windows-amd64-cygwin\jdk8u161\10277\hotspot\src\share\vm\interpreter\linkResolver.cpp, line 1185]
Event: 2.992 Thread 0x000000000087e800 Implicit null exception at 0x0000000002e15aae to 0x0000000002e16ee1

Events (10 events):
Event: 2.974 Thread 0x000000000087e800 DEOPT PACKING pc=0x0000000002cce9a2 sp=0x000000000265c450
Event: 2.974 Thread 0x000000000087e800 DEOPT UNPACKING pc=0x00000000027a7890 sp=0x000000000265c1f0 mode 0
Event: 2.980 Thread 0x000000000087e800 Uncommon trap: trap_request=0xffffff65 fr.pc=0x0000000002de4c00
Event: 2.980 Thread 0x000000000087e800 DEOPT PACKING pc=0x0000000002de4c00 sp=0x000000000265c3c0
Event: 2.980 Thread 0x000000000087e800 DEOPT UNPACKING pc=0x00000000027a583b sp=0x000000000265c318 mode 2
Event: 2.992 Thread 0x000000000087e800 Uncommon trap: trap_request=0xfffffff4 fr.pc=0x0000000002e16ef8
Event: 2.992 Thread 0x000000000087e800 DEOPT PACKING pc=0x0000000002e16ef8 sp=0x000000000265c700
Event: 2.992 Thread 0x000000000087e800 DEOPT UNPACKING pc=0x00000000027a583b sp=0x000000000265c6e0 mode 2
Event: 3.009 Thread 0x000000000087e800 DEOPT PACKING pc=0x0000000002cce9a2 sp=0x000000000265be70
Event: 3.009 Thread 0x000000000087e800 DEOPT UNPACKING pc=0x00000000027a7890 sp=0x000000000265bc08 mode 0


Dynamic libraries:
0x00007ff7169b0000 - 0x00007ff7169e7000 	C:\Program Files\java\jdk1.8.0_161\bin\java.exe
0x00007ffd055d0000 - 0x00007ffd057b1000 	C:\WINDOWS\SYSTEM32\ntdll.dll
0x00007ffd052a0000 - 0x00007ffd05352000 	C:\WINDOWS\System32\KERNEL32.DLL
0x00007ffd023e0000 - 0x00007ffd02653000 	C:\WINDOWS\System32\KERNELBASE.dll
0x00007ffd04ec0000 - 0x00007ffd04f61000 	C:\WINDOWS\System32\ADVAPI32.dll
0x00007ffd04f70000 - 0x00007ffd0500e000 	C:\WINDOWS\System32\msvcrt.dll
0x00007ffd032b0000 - 0x00007ffd0330b000 	C:\WINDOWS\System32\sechost.dll
0x00007ffd05170000 - 0x00007ffd05294000 	C:\WINDOWS\System32\RPCRT4.dll
0x00007ffd04b90000 - 0x00007ffd04d20000 	C:\WINDOWS\System32\USER32.dll
0x00007ffd02710000 - 0x00007ffd02730000 	C:\WINDOWS\System32\win32u.dll
0x00007ffd04830000 - 0x00007ffd04858000 	C:\WINDOWS\System32\GDI32.dll
0x00007ffd02890000 - 0x00007ffd02a22000 	C:\WINDOWS\System32\gdi32full.dll
0x00007ffd01970000 - 0x00007ffd01a0f000 	C:\WINDOWS\System32\msvcp_win.dll
0x00007ffd02790000 - 0x00007ffd0288a000 	C:\WINDOWS\System32\ucrtbase.dll
0x00007ffcf39b0000 - 0x00007ffcf3c19000 	C:\WINDOWS\WinSxS\amd64_microsoft.windows.common-controls_6595b64144ccf1df_6.0.17134.112_none_fb3f961b30681c12\COMCTL32.dll
0x00007ffd04860000 - 0x00007ffd04b83000 	C:\WINDOWS\System32\combase.dll
0x00007ffd01a10000 - 0x00007ffd01a8a000 	C:\WINDOWS\System32\bcryptPrimitives.dll
0x00007ffd02ad0000 - 0x00007ffd02afd000 	C:\WINDOWS\System32\IMM32.DLL
0x0000000058630000 - 0x0000000058702000 	C:\Program Files\java\jdk1.8.0_161\jre\bin\msvcr100.dll
0x0000000057d90000 - 0x000000005862f000 	C:\Program Files\java\jdk1.8.0_161\jre\bin\server\jvm.dll
0x00007ffd054b0000 - 0x00007ffd054b8000 	C:\WINDOWS\System32\PSAPI.DLL
0x00007ffcf0070000 - 0x00007ffcf0079000 	C:\WINDOWS\SYSTEM32\WSOCK32.dll
0x00007ffcff710000 - 0x00007ffcff733000 	C:\WINDOWS\SYSTEM32\WINMM.dll
0x00007ffd00ae0000 - 0x00007ffd00aea000 	C:\WINDOWS\SYSTEM32\VERSION.dll
0x00007ffd04760000 - 0x00007ffd047cc000 	C:\WINDOWS\System32\WS2_32.dll
0x00007ffcfea60000 - 0x00007ffcfea8a000 	C:\WINDOWS\SYSTEM32\WINMMBASE.dll
0x00007ffd01c80000 - 0x00007ffd01cc9000 	C:\WINDOWS\System32\cfgmgr32.dll
0x00000000595f0000 - 0x00000000595ff000 	C:\Program Files\java\jdk1.8.0_161\jre\bin\verify.dll
0x0000000057d60000 - 0x0000000057d89000 	C:\Program Files\java\jdk1.8.0_161\jre\bin\java.dll
0x0000000057d40000 - 0x0000000057d56000 	C:\Program Files\java\jdk1.8.0_161\jre\bin\zip.dll
0x00007ffd03310000 - 0x00007ffd04750000 	C:\WINDOWS\System32\SHELL32.dll
0x00007ffd054c0000 - 0x00007ffd05569000 	C:\WINDOWS\System32\shcore.dll
0x00007ffd01cd0000 - 0x00007ffd023dd000 	C:\WINDOWS\System32\windows.storage.dll
0x00007ffd02ca0000 - 0x00007ffd02cf1000 	C:\WINDOWS\System32\shlwapi.dll
0x00007ffd01930000 - 0x00007ffd01941000 	C:\WINDOWS\System32\kernel.appcore.dll
0x00007ffd01950000 - 0x00007ffd0196f000 	C:\WINDOWS\System32\profapi.dll
0x00007ffd018b0000 - 0x00007ffd018fc000 	C:\WINDOWS\System32\powrprof.dll
0x00007ffd01900000 - 0x00007ffd0190a000 	C:\WINDOWS\System32\FLTLIB.DLL
0x00007ffcf8c30000 - 0x00007ffcf8c3a000 	C:\apache-maven-3.6.2\lib\jansi-native\windows64\jansi.dll
0x0000000057d20000 - 0x0000000057d3a000 	C:\Program Files\java\jdk1.8.0_161\jre\bin\net.dll
0x00007ffd010d0000 - 0x00007ffd01136000 	C:\WINDOWS\system32\mswsock.dll
0x0000000057d00000 - 0x0000000057d11000 	C:\Program Files\java\jdk1.8.0_161\jre\bin\nio.dll

VM Arguments:
jvm_args: -Dclassworlds.conf=C:\apache-maven-3.6.2\bin\..\bin\m2.conf -Dmaven.home=C:\apache-maven-3.6.2\bin\.. -Dlibrary.jansi.path=C:\apache-maven-3.6.2\bin\..\lib\jansi-native -Dmaven.multiModuleProjectDirectory=D:\Mule_WorkSpace\jenkins-sample 
java_command: org.codehaus.plexus.classworlds.launcher.Launcher clean deploy -P cloudhub -Dmule.version=4.2.0 -Danypoint.username=Yurekha2 -Danypoint.password=yureMule@2 -Danypoint.environment=Sandbox
java_class_path (initial): C:\apache-maven-3.6.2\bin\..\boot\plexus-classworlds-2.6.0.jar
Launcher Type: SUN_STANDARD

Environment Variables:
JAVA_HOME=C:\Program Files\java\jdk1.8.0_161
PATH=C:\apache-maven-3.6.2\bin;C:\Program Files\java\jdk1.8.0_211\bin;C:\Program Files (x86)\Common Files\Oracle\Java\javapath;C:\Program Files (x86)\Intel\Intel(R) Management Engine Components\iCLS\;C:\Program Files\Intel\Intel(R) Management Engine Components\iCLS\;C:\ProgramData\Oracle\Java\javapath;E:\oracleXE\app\oracle\product\11.2.0\server\bin;C:\Program Files (x86)\Microsoft SQL Server\100\Tools\Binn\;C:\Program Files\Microsoft SQL Server\100\Tools\Binn\;C:\Program Files\Microsoft SQL Server\100\DTS\Binn\;C:\Program Files (x86)\Microsoft SQL Server\100\Tools\Binn\VSShell\Common7\IDE\;C:\Program Files (x86)\Microsoft SQL Server\100\DTS\Binn\;C:\Program Files (x86)\Microsoft Visual Studio 9.0\Common7\IDE\PrivateAssemblies\;C:\WINDOWS\system32;C:\WINDOWS;C:\WINDOWS\System32\Wbem;C:\WINDOWS\System32\WindowsPowerShell\v1.0\;C:\Program Files (x86)\Microsoft SQL Server\110\Tools\Binn\;C:\Program Files\Microsoft SQL Server\110\Tools\Binn\;C:\Program Files\Microsoft SQL Server\110\DTS\Binn\;C:\Program Files (x86)\Microsoft SQL Server\110\Tools\Binn\ManagementStudio\;C:\Program Files (x86)\Microsoft Visual Studio 10.0\Common7\IDE\PrivateAssemblies\;C:\Program Files (x86)\Microsoft SQL Server\110\DTS\Binn\;C:\WINDOWS\System32\OpenSSH\;C:\Program Files (x86)\Intel\Intel(R) Management Engine Components\DAL;C:\Program Files\Intel\Intel(R) Management Engine Components\DAL;C:\Program Files\nodejs\;C:\WINDOWS\system32\config\systemprofile\.dnx\bin;C:\Program Files\Microsoft DNX\Dnvm\;C:\Program Files\Microsoft SQL Server\120\Tools\Binn\;C:\Program Files\Microsoft SQL Server\130\Tools\Binn\;C:\Users\ENNVEE6\AppData\Local\Microsoft\WindowsApps;C:\Users\ENNVEE6\AppData\Local\GitHubDesktop\bin;C:\Users\ENNVEE6\AppData\Local\Microsoft\WindowsApps;;C:\Users\ENNVEE6\AppData\Local\Programs\EmEditor;C:\Users\ENNVEE6\AppData\Local\Programs\Microsoft VS Code\bin;C:\Users\ENNVEE6\AppData\Roaming\npm
USERNAME=ENNVEE6
OS=Windows_NT
PROCESSOR_IDENTIFIER=Intel64 Family 6 Model 94 Stepping 3, GenuineIntel



---------------  S Y S T E M  ---------------

OS: Windows 10.0 , 64 bit Build 17134 (10.0.17134.1)

CPU:total 4 (initial active 4) (4 cores per cpu, 1 threads per core) family 6 model 94 stepping 3, cmov, cx8, fxsr, mmx, sse, sse2, sse3, ssse3, sse4.1, sse4.2, popcnt, avx, avx2, aes, clmul, erms, 3dnowpref, lzcnt, tsc, tscinvbit, bmi1, bmi2, adx

Memory: 4k page, physical 8297260k(1091544k free), swap 12491564k(1028k free)

vm_info: Java HotSpot(TM) 64-Bit Server VM (25.161-b12) for windows-amd64 JRE (1.8.0_161-b12), built on Dec 19 2017 17:52:25 by "java_re" with MS VC++ 10.0 (VS2010)

time: Thu Nov 07 17:58:30 2019
elapsed time: 3 seconds (0d 0h 0m 3s)

